2022-09-08 12:15:40,900 [Worker-6: Loading available Gradle versions] INFO  o.e.b.c.i.u.g.PublishedGradleVersions - Gradle version information cache is up-to-date. Trying to read.
2022-09-08 12:16:38,648 [Worker-12: Importing Maven projects] INFO  o.e.m.c.i.l.LifecycleMappingFactory - Using org.eclipse.m2e.jdt.JarLifecycleMapping lifecycle mapping for MavenProject: com.lti.MavenDemo:DemoMaven_Project:1.0-SNAPSHOT @ D:\LTI\DevOps\Maven\Workspace\DemoMaven_Project\pom.xml.
2022-09-08 12:16:39,130 [Worker-12: Importing Maven projects] INFO  o.e.m.j.i.AbstractJavaProjectConfigurator - Adding source folder /DemoMaven_Project/src/main/java
2022-09-08 12:16:39,131 [Worker-12: Importing Maven projects] INFO  o.e.m.j.i.AbstractJavaProjectConfigurator - Adding source folder /DemoMaven_Project/src/test/java
2022-09-08 12:16:39,225 [Worker-12: Importing Maven projects] INFO  o.e.m.c.i.p.ProjectConfigurationManager - Imported and configured 1 project(s) in 6 sec
2022-09-08 12:16:40,345 [Worker-5: Building] WARN  o.e.m.c.i.embedder.EclipseLogger - Using platform encoding (Cp1252 actually) to copy filtered resources, i.e. build is platform dependent!
2022-09-08 12:16:40,350 [Worker-5: Building] INFO  o.e.m.c.i.embedder.EclipseLogger - skip non existing resourceDirectory D:\LTI\DevOps\Maven\Workspace\DemoMaven_Project\src\main\resources
2022-09-08 12:16:40,354 [Worker-5: Building] WARN  o.e.m.c.i.embedder.EclipseLogger - Using platform encoding (Cp1252 actually) to copy filtered resources, i.e. build is platform dependent!
2022-09-08 12:16:40,363 [Worker-5: Building] INFO  o.e.m.c.i.embedder.EclipseLogger - skip non existing resourceDirectory D:\LTI\DevOps\Maven\Workspace\DemoMaven_Project\src\test\resources
2022-09-08 12:18:12,377 [Worker-3: Building] WARN  o.e.m.c.i.embedder.EclipseLogger - Using platform encoding (Cp1252 actually) to copy filtered resources, i.e. build is platform dependent!
2022-09-08 12:18:12,380 [Worker-3: Building] INFO  o.e.m.c.i.embedder.EclipseLogger - skip non existing resourceDirectory D:\LTI\DevOps\Maven\Workspace\DemoMaven_Project\src\main\resources
2022-09-08 12:18:12,383 [Worker-3: Building] WARN  o.e.m.c.i.embedder.EclipseLogger - Using platform encoding (Cp1252 actually) to copy filtered resources, i.e. build is platform dependent!
2022-09-08 12:18:12,384 [Worker-3: Building] INFO  o.e.m.c.i.embedder.EclipseLogger - skip non existing resourceDirectory D:\LTI\DevOps\Maven\Workspace\DemoMaven_Project\src\test\resources
2022-09-08 12:19:00,825 [Worker-1: Building] WARN  o.e.m.c.i.embedder.EclipseLogger - Using platform encoding (Cp1252 actually) to copy filtered resources, i.e. build is platform dependent!
2022-09-08 12:19:00,826 [Worker-1: Building] INFO  o.e.m.c.i.embedder.EclipseLogger - skip non existing resourceDirectory D:\LTI\DevOps\Maven\Workspace\DemoMaven_Project\src\main\resources
2022-09-08 12:19:00,828 [Worker-1: Building] WARN  o.e.m.c.i.embedder.EclipseLogger - Using platform encoding (Cp1252 actually) to copy filtered resources, i.e. build is platform dependent!
2022-09-08 12:19:00,830 [Worker-1: Building] INFO  o.e.m.c.i.embedder.EclipseLogger - skip non existing resourceDirectory D:\LTI\DevOps\Maven\Workspace\DemoMaven_Project\src\test\resources
2022-09-08 12:29:22,377 [ModalContext] INFO  o.e.m.c.i.e.AbstractTransferListenerAdapter - Downloading https://repo1.maven.org/maven2/org/apache/maven/archetypes/maven-archetype-quickstart/1.4/maven-archetype-quickstart-1.4.jar
2022-09-08 12:29:22,796 [ModalContext] INFO  o.e.m.c.i.e.AbstractTransferListenerAdapter - Downloaded https://repo1.maven.org/maven2/org/apache/maven/archetypes/maven-archetype-quickstart/1.4/maven-archetype-quickstart-1.4.jar
2022-09-08 12:29:22,930 [ModalContext] INFO  o.e.m.c.i.e.AbstractTransferListenerAdapter - Downloading https://repo1.maven.org/maven2/org/apache/maven/archetypes/maven-archetype-quickstart/1.4/maven-archetype-quickstart-1.4.pom
2022-09-08 12:29:23,090 [ModalContext] INFO  o.e.m.c.i.e.AbstractTransferListenerAdapter - Downloaded https://repo1.maven.org/maven2/org/apache/maven/archetypes/maven-archetype-quickstart/1.4/maven-archetype-quickstart-1.4.pom
2022-09-08 12:29:59,719 [Worker-22: Creating maven-archetype-quickstart] INFO  o.e.m.c.i.p.ProjectConfigurationManager - Collecting project info '/pom.xml' D:\LTI\DevOps\Maven\Workspace\DemoMaven_Project2\pom.xml
2022-09-08 12:30:01,659 [Worker-22: Creating maven-archetype-quickstart] INFO  o.e.m.c.i.e.AbstractTransferListenerAdapter - Downloading https://repo.maven.apache.org/maven2/org/apache/maven/plugins/maven-resources-plugin/3.0.2/maven-resources-plugin-3.0.2.jar
2022-09-08 12:30:02,385 [Worker-22: Creating maven-archetype-quickstart] INFO  o.e.m.c.i.e.AbstractTransferListenerAdapter - Downloaded https://repo.maven.apache.org/maven2/org/apache/maven/plugins/maven-resources-plugin/3.0.2/maven-resources-plugin-3.0.2.jar
2022-09-08 12:30:02,910 [Worker-22: Creating maven-archetype-quickstart] INFO  o.e.m.c.i.e.AbstractTransferListenerAdapter - Downloading https://repo.maven.apache.org/maven2/org/apache/maven/plugins/maven-jar-plugin/3.0.2/maven-jar-plugin-3.0.2.jar
2022-09-08 12:30:03,311 [Worker-22: Creating maven-archetype-quickstart] INFO  o.e.m.c.i.e.AbstractTransferListenerAdapter - Downloaded https://repo.maven.apache.org/maven2/org/apache/maven/plugins/maven-jar-plugin/3.0.2/maven-jar-plugin-3.0.2.jar
2022-09-08 12:30:03,930 [Worker-22: Creating maven-archetype-quickstart] INFO  o.e.m.c.i.e.AbstractTransferListenerAdapter - Downloading https://repo.maven.apache.org/maven2/org/apache/maven/plugins/maven-site-plugin/3.7.1/maven-site-plugin-3.7.1.jar
2022-09-08 12:30:04,618 [Worker-22: Creating maven-archetype-quickstart] INFO  o.e.m.c.i.e.AbstractTransferListenerAdapter - Downloaded https://repo.maven.apache.org/maven2/org/apache/maven/plugins/maven-site-plugin/3.7.1/maven-site-plugin-3.7.1.jar
2022-09-08 12:30:09,087 [Worker-22: Creating maven-archetype-quickstart] INFO  o.e.m.c.i.l.LifecycleMappingFactory - Using org.eclipse.m2e.jdt.JarLifecycleMapping lifecycle mapping for MavenProject: com.lti:DemoMaven_Project2:0.0.1-SNAPSHOT @ D:\LTI\DevOps\Maven\Workspace\DemoMaven_Project2\pom.xml.
2022-09-08 12:30:09,594 [Worker-22: Creating maven-archetype-quickstart] INFO  o.e.m.c.i.e.AbstractTransferListenerAdapter - Downloading https://repo.maven.apache.org/maven2/junit/junit/4.11/junit-4.11.pom
2022-09-08 12:30:09,860 [Worker-22: Creating maven-archetype-quickstart] INFO  o.e.m.c.i.e.AbstractTransferListenerAdapter - Downloaded https://repo.maven.apache.org/maven2/junit/junit/4.11/junit-4.11.pom
2022-09-08 12:30:10,106 [Worker-22: Creating maven-archetype-quickstart] INFO  o.e.m.c.i.e.AbstractTransferListenerAdapter - Downloading https://repo.maven.apache.org/maven2/junit/junit/4.11/junit-4.11.jar
2022-09-08 12:30:10,581 [Worker-22: Creating maven-archetype-quickstart] INFO  o.e.m.c.i.e.AbstractTransferListenerAdapter - Downloaded https://repo.maven.apache.org/maven2/junit/junit/4.11/junit-4.11.jar
2022-09-08 12:30:10,730 [Worker-22: Creating maven-archetype-quickstart] INFO  o.e.m.c.i.e.AbstractTransferListenerAdapter - Downloading https://repo.maven.apache.org/maven2/org/apache/maven/plugins/maven-resources-plugin/3.0.2/maven-resources-plugin-3.0.2.pom
2022-09-08 12:30:10,927 [Worker-22: Creating maven-archetype-quickstart] INFO  o.e.m.c.i.e.AbstractTransferListenerAdapter - Downloaded https://repo.maven.apache.org/maven2/org/apache/maven/plugins/maven-resources-plugin/3.0.2/maven-resources-plugin-3.0.2.pom
2022-09-08 12:30:11,075 [Worker-22: Creating maven-archetype-quickstart] INFO  o.e.m.c.i.e.AbstractTransferListenerAdapter - Downloading https://repo.maven.apache.org/maven2/org/apache/maven/plugins/maven-plugins/30/maven-plugins-30.pom
2022-09-08 12:30:11,261 [Worker-22: Creating maven-archetype-quickstart] INFO  o.e.m.c.i.e.AbstractTransferListenerAdapter - Downloaded https://repo.maven.apache.org/maven2/org/apache/maven/plugins/maven-plugins/30/maven-plugins-30.pom
2022-09-08 12:30:12,189 [Worker-21: Download sources and javadoc] INFO  o.e.m.c.i.e.AbstractTransferListenerAdapter - Downloading https://repo.maven.apache.org/maven2/junit/junit/4.11/junit-4.11-sources.jar
2022-09-08 12:30:12,291 [Worker-22: Creating maven-archetype-quickstart] INFO  o.e.m.c.i.e.AbstractTransferListenerAdapter - Downloading https://repo.maven.apache.org/maven2/org/codehaus/plexus/plexus-utils/3.0.24/plexus-utils-3.0.24.jar
2022-09-08 12:30:12,665 [Worker-21: Download sources and javadoc] INFO  o.e.m.c.i.e.AbstractTransferListenerAdapter - Downloaded https://repo.maven.apache.org/maven2/junit/junit/4.11/junit-4.11-sources.jar
2022-09-08 12:30:12,670 [Worker-21: Download sources and javadoc] INFO  o.e.m.j.internal.DownloadSourcesJob - Downloaded sources for junit:junit:4.11
2022-09-08 12:30:13,185 [Worker-21: Download sources and javadoc] INFO  o.e.m.c.i.e.AbstractTransferListenerAdapter - Downloading https://repo.maven.apache.org/maven2/org/hamcrest/hamcrest-core/1.3/hamcrest-core-1.3-sources.jar
2022-09-08 12:30:13,296 [Worker-22: Creating maven-archetype-quickstart] INFO  o.e.m.c.i.e.AbstractTransferListenerAdapter - Downloaded https://repo.maven.apache.org/maven2/org/codehaus/plexus/plexus-utils/3.0.24/plexus-utils-3.0.24.jar
2022-09-08 12:30:13,543 [Worker-22: Creating maven-archetype-quickstart] INFO  o.e.m.j.i.AbstractJavaProjectConfigurator - Adding source folder /DemoMaven_Project2/src/main/java
2022-09-08 12:30:13,550 [Worker-22: Creating maven-archetype-quickstart] INFO  o.e.m.j.i.AbstractJavaProjectConfigurator - Adding source folder /DemoMaven_Project2/src/test/java
2022-09-08 12:30:13,903 [Worker-21: Download sources and javadoc] INFO  o.e.m.c.i.e.AbstractTransferListenerAdapter - Downloaded https://repo.maven.apache.org/maven2/org/hamcrest/hamcrest-core/1.3/hamcrest-core-1.3-sources.jar
2022-09-08 12:30:13,908 [Worker-21: Download sources and javadoc] INFO  o.e.m.j.internal.DownloadSourcesJob - Downloaded sources for org.hamcrest:hamcrest-core:1.3
2022-09-08 12:30:13,937 [Worker-22: Creating maven-archetype-quickstart] INFO  o.e.m.c.i.p.ProjectConfigurationManager - Imported and configured 1 project(s) in 14 sec
2022-09-08 12:30:14,123 [Worker-21: Building] INFO  o.e.m.c.i.embedder.EclipseLogger - Using 'UTF-8' encoding to copy filtered resources.
2022-09-08 12:30:14,123 [Worker-21: Building] INFO  o.e.m.c.i.embedder.EclipseLogger - skip non existing resourceDirectory D:\LTI\DevOps\Maven\Workspace\DemoMaven_Project2\src\main\resources
2022-09-08 12:30:14,125 [Worker-21: Building] INFO  o.e.m.c.i.embedder.EclipseLogger - Using 'UTF-8' encoding to copy filtered resources.
2022-09-08 12:30:14,125 [Worker-21: Building] INFO  o.e.m.c.i.embedder.EclipseLogger - skip non existing resourceDirectory D:\LTI\DevOps\Maven\Workspace\DemoMaven_Project2\src\test\resources
2022-09-08 12:30:51,543 [Worker-4: Building] INFO  o.e.m.c.i.embedder.EclipseLogger - Using 'UTF-8' encoding to copy filtered resources.
2022-09-08 12:30:51,544 [Worker-4: Building] INFO  o.e.m.c.i.embedder.EclipseLogger - skip non existing resourceDirectory D:\LTI\DevOps\Maven\Workspace\DemoMaven_Project2\src\main\resources
2022-09-08 12:30:51,545 [Worker-4: Building] INFO  o.e.m.c.i.embedder.EclipseLogger - Using 'UTF-8' encoding to copy filtered resources.
2022-09-08 12:30:51,546 [Worker-4: Building] INFO  o.e.m.c.i.embedder.EclipseLogger - skip non existing resourceDirectory D:\LTI\DevOps\Maven\Workspace\DemoMaven_Project2\src\test\resources
2022-09-08 12:56:42,139 [Worker-24: Building] WARN  o.e.m.c.i.embedder.EclipseLogger - Using platform encoding (Cp1252 actually) to copy filtered resources, i.e. build is platform dependent!
2022-09-08 12:56:42,148 [Worker-24: Building] INFO  o.e.m.c.i.embedder.EclipseLogger - skip non existing resourceDirectory D:\LTI\DevOps\Maven\Workspace\DemoMaven_Project\src\main\resources
2022-09-08 12:56:42,149 [Worker-24: Building] WARN  o.e.m.c.i.embedder.EclipseLogger - Using platform encoding (Cp1252 actually) to copy filtered resources, i.e. build is platform dependent!
2022-09-08 12:56:42,150 [Worker-24: Building] INFO  o.e.m.c.i.embedder.EclipseLogger - skip non existing resourceDirectory D:\LTI\DevOps\Maven\Workspace\DemoMaven_Project\src\test\resources
2022-09-08 12:56:42,154 [Worker-24: Building] INFO  o.e.m.c.i.embedder.EclipseLogger - Using 'UTF-8' encoding to copy filtered resources.
2022-09-08 12:56:42,155 [Worker-24: Building] INFO  o.e.m.c.i.embedder.EclipseLogger - skip non existing resourceDirectory D:\LTI\DevOps\Maven\Workspace\DemoMaven_Project2\src\main\resources
2022-09-08 12:56:42,156 [Worker-24: Building] INFO  o.e.m.c.i.embedder.EclipseLogger - Using 'UTF-8' encoding to copy filtered resources.
2022-09-08 12:56:42,156 [Worker-24: Building] INFO  o.e.m.c.i.embedder.EclipseLogger - skip non existing resourceDirectory D:\LTI\DevOps\Maven\Workspace\DemoMaven_Project2\src\test\resources
2022-09-08 13:13:16,041 [Worker-24: Building] INFO  o.e.m.c.i.embedder.EclipseLogger - Using 'UTF-8' encoding to copy filtered resources.
2022-09-08 13:13:16,041 [Worker-24: Building] INFO  o.e.m.c.i.embedder.EclipseLogger - skip non existing resourceDirectory D:\LTI\DevOps\Maven\Workspace\DemoMaven_Project2\src\main\resources
2022-09-08 13:13:16,044 [Worker-24: Building] INFO  o.e.m.c.i.embedder.EclipseLogger - Using 'UTF-8' encoding to copy filtered resources.
2022-09-08 13:13:16,044 [Worker-24: Building] INFO  o.e.m.c.i.embedder.EclipseLogger - skip non existing resourceDirectory D:\LTI\DevOps\Maven\Workspace\DemoMaven_Project2\src\test\resources
2022-09-08 15:02:10,936 [Worker-32: Building] INFO  o.e.m.c.i.embedder.EclipseLogger - Using 'UTF-8' encoding to copy filtered resources.
2022-09-08 15:02:10,936 [Worker-32: Building] INFO  o.e.m.c.i.embedder.EclipseLogger - skip non existing resourceDirectory D:\LTI\DevOps\Maven\Workspace\DemoMaven_Project2\src\main\resources
2022-09-08 15:02:10,938 [Worker-32: Building] INFO  o.e.m.c.i.embedder.EclipseLogger - Using 'UTF-8' encoding to copy filtered resources.
2022-09-08 15:02:10,938 [Worker-32: Building] INFO  o.e.m.c.i.embedder.EclipseLogger - skip non existing resourceDirectory D:\LTI\DevOps\Maven\Workspace\DemoMaven_Project2\src\test\resources
2022-09-08 15:12:55,779 [Worker-37: Building] INFO  o.e.m.c.i.l.LifecycleMappingFactory - Using org.eclipse.m2e.jdt.JarLifecycleMapping lifecycle mapping for MavenProject: com.lti:DemoMaven_Project2:0.0.1-SNAPSHOT @ D:\LTI\DevOps\Maven\Workspace\DemoMaven_Project2\pom.xml.
2022-09-08 15:12:55,786 [Worker-37: Building] WARN  o.e.m.c.i.embedder.EclipseLogger - The POM for junit:junit:jar:5.9.0 is missing, no dependency information available
2022-09-08 15:12:56,262 [Worker-37: Building] INFO  o.e.m.c.i.embedder.EclipseLogger - Using 'UTF-8' encoding to copy filtered resources.
2022-09-08 15:12:56,262 [Worker-37: Building] INFO  o.e.m.c.i.embedder.EclipseLogger - skip non existing resourceDirectory D:\LTI\DevOps\Maven\Workspace\DemoMaven_Project2\src\main\resources
2022-09-08 15:12:56,264 [Worker-37: Building] INFO  o.e.m.c.i.embedder.EclipseLogger - Using 'UTF-8' encoding to copy filtered resources.
2022-09-08 15:12:56,264 [Worker-37: Building] INFO  o.e.m.c.i.embedder.EclipseLogger - skip non existing resourceDirectory D:\LTI\DevOps\Maven\Workspace\DemoMaven_Project2\src\test\resources
2022-09-08 15:12:56,998 [Worker-32: Download sources and javadoc] WARN  o.e.m.c.i.embedder.EclipseLogger - The POM for junit:junit:jar:5.9.0 is missing, no dependency information available
2022-09-08 15:12:57,945 [Worker-32: Download sources and javadoc] INFO  o.e.m.c.i.e.AbstractTransferListenerAdapter - Downloaded https://repo.maven.apache.org/maven2/junit/junit/5.9.0/junit-5.9.0-sources.jar
2022-09-08 15:12:57,968 [Worker-32: Download sources and javadoc] ERROR o.e.m.j.internal.DownloadSourcesJob - Could not download sources for junit:junit:5.9.0
org.eclipse.core.runtime.CoreException: Could not resolve artifact junit:junit:jar:sources:5.9.0
	at org.eclipse.m2e.core.internal.embedder.MavenImpl.lambda$4(MavenImpl.java:804)
	at org.eclipse.m2e.core.internal.embedder.MavenExecutionContext.executeBare(MavenExecutionContext.java:179)
	at org.eclipse.m2e.core.internal.embedder.MavenExecutionContext.execute(MavenExecutionContext.java:114)
	at org.eclipse.m2e.core.internal.embedder.MavenExecutionContext.execute(MavenExecutionContext.java:101)
	at org.eclipse.m2e.core.internal.embedder.MavenImpl.resolve(MavenImpl.java:772)
	at org.eclipse.m2e.core.internal.embedder.MavenImpl.resolve(MavenImpl.java:749)
	at org.eclipse.m2e.jdt.internal.DownloadSourcesJob.download(DownloadSourcesJob.java:330)
	at org.eclipse.m2e.jdt.internal.DownloadSourcesJob.downloadAttachments(DownloadSourcesJob.java:304)
	at org.eclipse.m2e.jdt.internal.DownloadSourcesJob.downloadMaven(DownloadSourcesJob.java:269)
	at org.eclipse.m2e.jdt.internal.DownloadSourcesJob.downloadFilesAndPopulateToUpdate(DownloadSourcesJob.java:233)
	at org.eclipse.m2e.jdt.internal.DownloadSourcesJob.lambda$0(DownloadSourcesJob.java:161)
	at org.eclipse.m2e.core.internal.embedder.MavenExecutionContext.executeBare(MavenExecutionContext.java:179)
	at org.eclipse.m2e.core.internal.embedder.MavenExecutionContext.execute(MavenExecutionContext.java:153)
	at org.eclipse.m2e.core.internal.embedder.MavenExecutionContext.execute(MavenExecutionContext.java:101)
	at org.eclipse.m2e.core.internal.embedder.MavenImpl.execute(MavenImpl.java:1374)
	at org.eclipse.m2e.jdt.internal.DownloadSourcesJob.run(DownloadSourcesJob.java:161)
	at org.eclipse.core.internal.jobs.Worker.run(Worker.java:63)
2022-09-08 15:13:09,011 [Worker-39: Building] INFO  o.e.m.c.i.embedder.EclipseLogger - Using 'UTF-8' encoding to copy filtered resources.
2022-09-08 15:13:09,011 [Worker-39: Building] INFO  o.e.m.c.i.embedder.EclipseLogger - skip non existing resourceDirectory D:\LTI\DevOps\Maven\Workspace\DemoMaven_Project2\src\main\resources
2022-09-08 15:13:09,013 [Worker-39: Building] INFO  o.e.m.c.i.embedder.EclipseLogger - Using 'UTF-8' encoding to copy filtered resources.
2022-09-08 15:13:09,013 [Worker-39: Building] INFO  o.e.m.c.i.embedder.EclipseLogger - skip non existing resourceDirectory D:\LTI\DevOps\Maven\Workspace\DemoMaven_Project2\src\test\resources
2022-09-08 15:14:26,218 [Worker-32: Building] INFO  o.e.m.c.i.l.LifecycleMappingFactory - Using org.eclipse.m2e.jdt.JarLifecycleMapping lifecycle mapping for MavenProject: com.lti:DemoMaven_Project2:0.0.1-SNAPSHOT @ D:\LTI\DevOps\Maven\Workspace\DemoMaven_Project2\pom.xml.
2022-09-08 15:14:26,634 [Worker-32: Building] INFO  o.e.m.c.i.embedder.EclipseLogger - Using 'UTF-8' encoding to copy filtered resources.
2022-09-08 15:14:26,634 [Worker-32: Building] INFO  o.e.m.c.i.embedder.EclipseLogger - skip non existing resourceDirectory D:\LTI\DevOps\Maven\Workspace\DemoMaven_Project2\src\main\resources
2022-09-08 15:14:26,635 [Worker-32: Building] INFO  o.e.m.c.i.embedder.EclipseLogger - Using 'UTF-8' encoding to copy filtered resources.
2022-09-08 15:14:26,635 [Worker-32: Building] INFO  o.e.m.c.i.embedder.EclipseLogger - skip non existing resourceDirectory D:\LTI\DevOps\Maven\Workspace\DemoMaven_Project2\src\test\resources
2022-09-08 15:14:27,758 [Worker-38: Building] INFO  o.e.m.c.i.embedder.EclipseLogger - Using 'UTF-8' encoding to copy filtered resources.
2022-09-08 15:14:27,758 [Worker-38: Building] INFO  o.e.m.c.i.embedder.EclipseLogger - skip non existing resourceDirectory D:\LTI\DevOps\Maven\Workspace\DemoMaven_Project2\src\main\resources
2022-09-08 15:14:27,759 [Worker-38: Building] INFO  o.e.m.c.i.embedder.EclipseLogger - Using 'UTF-8' encoding to copy filtered resources.
2022-09-08 15:14:27,759 [Worker-38: Building] INFO  o.e.m.c.i.embedder.EclipseLogger - skip non existing resourceDirectory D:\LTI\DevOps\Maven\Workspace\DemoMaven_Project2\src\test\resources
2022-09-08 15:14:27,897 [Worker-35: Download sources and javadoc] INFO  o.e.m.c.i.e.AbstractTransferListenerAdapter - Downloading https://repo.maven.apache.org/maven2/org/junit/jupiter/junit-jupiter-api/5.9.0/junit-jupiter-api-5.9.0-sources.jar
2022-09-08 15:14:28,349 [Worker-35: Download sources and javadoc] INFO  o.e.m.c.i.e.AbstractTransferListenerAdapter - Downloaded https://repo.maven.apache.org/maven2/org/junit/jupiter/junit-jupiter-api/5.9.0/junit-jupiter-api-5.9.0-sources.jar
2022-09-08 15:14:28,353 [Worker-35: Download sources and javadoc] INFO  o.e.m.j.internal.DownloadSourcesJob - Downloaded sources for org.junit.jupiter:junit-jupiter-api:5.9.0
2022-09-08 15:14:28,885 [Worker-35: Download sources and javadoc] INFO  o.e.m.c.i.e.AbstractTransferListenerAdapter - Downloading https://repo.maven.apache.org/maven2/org/junit/platform/junit-platform-commons/1.9.0/junit-platform-commons-1.9.0-sources.jar
2022-09-08 15:14:29,329 [Worker-35: Download sources and javadoc] INFO  o.e.m.c.i.e.AbstractTransferListenerAdapter - Downloaded https://repo.maven.apache.org/maven2/org/junit/platform/junit-platform-commons/1.9.0/junit-platform-commons-1.9.0-sources.jar
2022-09-08 15:14:29,335 [Worker-35: Download sources and javadoc] INFO  o.e.m.j.internal.DownloadSourcesJob - Downloaded sources for org.junit.platform:junit-platform-commons:1.9.0
2022-09-08 15:14:29,479 [Worker-37: Building] INFO  o.e.m.c.i.embedder.EclipseLogger - Using 'UTF-8' encoding to copy filtered resources.
2022-09-08 15:14:29,479 [Worker-37: Building] INFO  o.e.m.c.i.embedder.EclipseLogger - skip non existing resourceDirectory D:\LTI\DevOps\Maven\Workspace\DemoMaven_Project2\src\main\resources
2022-09-08 15:14:29,481 [Worker-37: Building] INFO  o.e.m.c.i.embedder.EclipseLogger - Using 'UTF-8' encoding to copy filtered resources.
2022-09-08 15:14:29,481 [Worker-37: Building] INFO  o.e.m.c.i.embedder.EclipseLogger - skip non existing resourceDirectory D:\LTI\DevOps\Maven\Workspace\DemoMaven_Project2\src\test\resources
2022-09-08 15:14:47,736 [Worker-37: Building] INFO  o.e.m.c.i.embedder.EclipseLogger - Using 'UTF-8' encoding to copy filtered resources.
2022-09-08 15:14:47,736 [Worker-37: Building] INFO  o.e.m.c.i.embedder.EclipseLogger - skip non existing resourceDirectory D:\LTI\DevOps\Maven\Workspace\DemoMaven_Project2\src\main\resources
2022-09-08 15:14:47,737 [Worker-37: Building] INFO  o.e.m.c.i.embedder.EclipseLogger - Using 'UTF-8' encoding to copy filtered resources.
2022-09-08 15:14:47,737 [Worker-37: Building] INFO  o.e.m.c.i.embedder.EclipseLogger - skip non existing resourceDirectory D:\LTI\DevOps\Maven\Workspace\DemoMaven_Project2\src\test\resources
2022-09-08 15:15:43,354 [Worker-39: Launching TestDemo] INFO  o.e.m.c.i.e.AbstractTransferListenerAdapter - Downloading https://repo.maven.apache.org/maven2/org/junit/platform/junit-platform-launcher/1.9.0/junit-platform-launcher-1.9.0.jar
2022-09-08 15:15:43,900 [Worker-39: Launching TestDemo] INFO  o.e.m.c.i.e.AbstractTransferListenerAdapter - Downloaded https://repo.maven.apache.org/maven2/org/junit/platform/junit-platform-launcher/1.9.0/junit-platform-launcher-1.9.0.jar
2022-09-08 15:15:44,208 [Worker-39: Launching TestDemo] INFO  o.e.m.c.i.e.AbstractTransferListenerAdapter - Downloading https://repo.maven.apache.org/maven2/org/junit/platform/junit-platform-engine/1.9.0/junit-platform-engine-1.9.0.jar
2022-09-08 15:15:44,566 [Worker-39: Launching TestDemo] INFO  o.e.m.c.i.e.AbstractTransferListenerAdapter - Downloaded https://repo.maven.apache.org/maven2/org/junit/platform/junit-platform-engine/1.9.0/junit-platform-engine-1.9.0.jar
2022-09-08 15:15:44,724 [Worker-39: Launching TestDemo] INFO  o.e.m.c.i.e.AbstractTransferListenerAdapter - Downloading https://repo.maven.apache.org/maven2/org/junit/jupiter/junit-jupiter-engine/5.9.0/junit-jupiter-engine-5.9.0.jar
2022-09-08 15:15:45,122 [Worker-39: Launching TestDemo] INFO  o.e.m.c.i.e.AbstractTransferListenerAdapter - Downloaded https://repo.maven.apache.org/maven2/org/junit/jupiter/junit-jupiter-engine/5.9.0/junit-jupiter-engine-5.9.0.jar
2022-09-08 15:16:37,931 [Worker-37: Launching TestDemo] INFO  o.e.m.c.i.embedder.EclipseLogger - Using 'UTF-8' encoding to copy filtered resources.
2022-09-08 15:16:37,931 [Worker-37: Launching TestDemo] INFO  o.e.m.c.i.embedder.EclipseLogger - skip non existing resourceDirectory D:\LTI\DevOps\Maven\Workspace\DemoMaven_Project2\src\main\resources
2022-09-08 15:16:37,935 [Worker-37: Launching TestDemo] INFO  o.e.m.c.i.embedder.EclipseLogger - Using 'UTF-8' encoding to copy filtered resources.
2022-09-08 15:16:37,936 [Worker-37: Launching TestDemo] INFO  o.e.m.c.i.embedder.EclipseLogger - skip non existing resourceDirectory D:\LTI\DevOps\Maven\Workspace\DemoMaven_Project2\src\test\resources
2022-09-08 17:13:25,114 [Worker-40: Building] INFO  o.e.m.c.i.embedder.EclipseLogger - Using 'UTF-8' encoding to copy filtered resources.
2022-09-08 17:13:25,115 [Worker-40: Building] INFO  o.e.m.c.i.embedder.EclipseLogger - skip non existing resourceDirectory D:\LTI\DevOps\Maven\Workspace\DemoMaven_Project2\src\main\resources
2022-09-08 17:13:25,117 [Worker-40: Building] INFO  o.e.m.c.i.embedder.EclipseLogger - Using 'UTF-8' encoding to copy filtered resources.
2022-09-08 17:13:25,117 [Worker-40: Building] INFO  o.e.m.c.i.embedder.EclipseLogger - skip non existing resourceDirectory D:\LTI\DevOps\Maven\Workspace\DemoMaven_Project2\src\test\resources
2022-09-08 17:13:52,782 [Worker-40: Building] INFO  o.e.m.c.i.embedder.EclipseLogger - Using 'UTF-8' encoding to copy filtered resources.
2022-09-08 17:13:52,782 [Worker-40: Building] INFO  o.e.m.c.i.embedder.EclipseLogger - skip non existing resourceDirectory D:\LTI\DevOps\Maven\Workspace\DemoMaven_Project2\src\main\resources
2022-09-08 17:13:52,784 [Worker-40: Building] INFO  o.e.m.c.i.embedder.EclipseLogger - Using 'UTF-8' encoding to copy filtered resources.
2022-09-08 17:13:52,784 [Worker-40: Building] INFO  o.e.m.c.i.embedder.EclipseLogger - skip non existing resourceDirectory D:\LTI\DevOps\Maven\Workspace\DemoMaven_Project2\src\test\resources
2022-09-08 17:36:57,541 [Worker-43: Building] INFO  o.e.m.c.i.embedder.EclipseLogger - Using 'UTF-8' encoding to copy filtered resources.
2022-09-08 17:36:57,541 [Worker-43: Building] INFO  o.e.m.c.i.embedder.EclipseLogger - skip non existing resourceDirectory D:\LTI\DevOps\Maven\Workspace\DemoMaven_Project2\src\main\resources
2022-09-08 17:36:57,603 [Worker-43: Building] INFO  o.e.m.c.i.embedder.EclipseLogger - Using 'UTF-8' encoding to copy filtered resources.
2022-09-08 17:36:57,603 [Worker-43: Building] INFO  o.e.m.c.i.embedder.EclipseLogger - skip non existing resourceDirectory D:\LTI\DevOps\Maven\Workspace\DemoMaven_Project2\src\test\resources
2022-09-08 22:59:39,255 [Worker-3: Loading available Gradle versions] INFO  o.e.b.c.i.u.g.PublishedGradleVersions - Gradle version information cache is up-to-date. Trying to read.
2022-09-10 09:11:19,735 [Worker-2: Loading available Gradle versions] INFO  o.e.b.c.i.u.g.PublishedGradleVersions - Gradle version information cache is out-of-date. Trying to update.
2022-09-10 09:25:18,090 [Worker-16: Creating maven-archetype-quickstart] INFO  o.e.m.c.i.p.ProjectConfigurationManager - Collecting project info '/pom.xml' D:\LTI\DevOps\Maven\Workspace\EmployeeApp\pom.xml
2022-09-10 09:25:51,878 [Worker-16: Creating maven-archetype-quickstart] INFO  o.e.m.c.i.l.LifecycleMappingFactory - Using org.eclipse.m2e.jdt.JarLifecycleMapping lifecycle mapping for MavenProject: com.lti:EmployeeApp:0.0.1-SNAPSHOT @ D:\LTI\DevOps\Maven\Workspace\EmployeeApp\pom.xml.
2022-09-10 09:25:56,808 [Worker-16: Creating maven-archetype-quickstart] INFO  o.e.m.j.i.AbstractJavaProjectConfigurator - Adding source folder /EmployeeApp/src/main/java
2022-09-10 09:25:56,826 [Worker-16: Creating maven-archetype-quickstart] INFO  o.e.m.j.i.AbstractJavaProjectConfigurator - Adding source folder /EmployeeApp/src/test/java
2022-09-10 09:25:57,353 [Worker-16: Creating maven-archetype-quickstart] INFO  o.e.m.c.i.p.ProjectConfigurationManager - Imported and configured 1 project(s) in 39 sec
2022-09-10 09:25:57,896 [Worker-9: Building] INFO  o.e.m.c.i.embedder.EclipseLogger - Using 'UTF-8' encoding to copy filtered resources.
2022-09-10 09:25:57,896 [Worker-9: Building] INFO  o.e.m.c.i.embedder.EclipseLogger - skip non existing resourceDirectory D:\LTI\DevOps\Maven\Workspace\EmployeeApp\src\main\resources
2022-09-10 09:25:57,899 [Worker-9: Building] INFO  o.e.m.c.i.embedder.EclipseLogger - Using 'UTF-8' encoding to copy filtered resources.
2022-09-10 09:25:57,899 [Worker-9: Building] INFO  o.e.m.c.i.embedder.EclipseLogger - skip non existing resourceDirectory D:\LTI\DevOps\Maven\Workspace\EmployeeApp\src\test\resources
2022-09-10 09:26:50,675 [Worker-9: Building] INFO  o.e.m.c.i.embedder.EclipseLogger - Using 'UTF-8' encoding to copy filtered resources.
2022-09-10 09:26:50,675 [Worker-9: Building] INFO  o.e.m.c.i.embedder.EclipseLogger - skip non existing resourceDirectory D:\LTI\DevOps\Maven\Workspace\EmployeeApp\src\main\resources
2022-09-10 09:26:50,678 [Worker-9: Building] INFO  o.e.m.c.i.embedder.EclipseLogger - Using 'UTF-8' encoding to copy filtered resources.
2022-09-10 09:26:50,678 [Worker-9: Building] INFO  o.e.m.c.i.embedder.EclipseLogger - skip non existing resourceDirectory D:\LTI\DevOps\Maven\Workspace\EmployeeApp\src\test\resources
2022-09-10 09:26:58,026 [Worker-25: Building] INFO  o.e.m.c.i.embedder.EclipseLogger - Using 'UTF-8' encoding to copy filtered resources.
2022-09-10 09:26:58,026 [Worker-25: Building] INFO  o.e.m.c.i.embedder.EclipseLogger - skip non existing resourceDirectory D:\LTI\DevOps\Maven\Workspace\EmployeeApp\src\main\resources
2022-09-10 09:26:58,027 [Worker-25: Building] INFO  o.e.m.c.i.embedder.EclipseLogger - Using 'UTF-8' encoding to copy filtered resources.
2022-09-10 09:26:58,027 [Worker-25: Building] INFO  o.e.m.c.i.embedder.EclipseLogger - skip non existing resourceDirectory D:\LTI\DevOps\Maven\Workspace\EmployeeApp\src\test\resources
2022-09-10 09:27:10,906 [Worker-24: Building] INFO  o.e.m.c.i.embedder.EclipseLogger - Using 'UTF-8' encoding to copy filtered resources.
2022-09-10 09:27:10,906 [Worker-24: Building] INFO  o.e.m.c.i.embedder.EclipseLogger - skip non existing resourceDirectory D:\LTI\DevOps\Maven\Workspace\EmployeeApp\src\main\resources
2022-09-10 09:27:10,907 [Worker-24: Building] INFO  o.e.m.c.i.embedder.EclipseLogger - Using 'UTF-8' encoding to copy filtered resources.
2022-09-10 09:27:10,908 [Worker-24: Building] INFO  o.e.m.c.i.embedder.EclipseLogger - skip non existing resourceDirectory D:\LTI\DevOps\Maven\Workspace\EmployeeApp\src\test\resources
2022-09-10 09:27:26,716 [Worker-16: Building] INFO  o.e.m.c.i.embedder.EclipseLogger - Using 'UTF-8' encoding to copy filtered resources.
2022-09-10 09:27:26,716 [Worker-16: Building] INFO  o.e.m.c.i.embedder.EclipseLogger - skip non existing resourceDirectory D:\LTI\DevOps\Maven\Workspace\EmployeeApp\src\main\resources
2022-09-10 09:27:26,717 [Worker-16: Building] INFO  o.e.m.c.i.embedder.EclipseLogger - Using 'UTF-8' encoding to copy filtered resources.
2022-09-10 09:27:26,717 [Worker-16: Building] INFO  o.e.m.c.i.embedder.EclipseLogger - skip non existing resourceDirectory D:\LTI\DevOps\Maven\Workspace\EmployeeApp\src\test\resources
2022-09-10 09:27:49,496 [Worker-25: Building] INFO  o.e.m.c.i.embedder.EclipseLogger - Using 'UTF-8' encoding to copy filtered resources.
2022-09-10 09:27:49,496 [Worker-25: Building] INFO  o.e.m.c.i.embedder.EclipseLogger - skip non existing resourceDirectory D:\LTI\DevOps\Maven\Workspace\EmployeeApp\src\main\resources
2022-09-10 09:27:49,498 [Worker-25: Building] INFO  o.e.m.c.i.embedder.EclipseLogger - Using 'UTF-8' encoding to copy filtered resources.
2022-09-10 09:27:49,499 [Worker-25: Building] INFO  o.e.m.c.i.embedder.EclipseLogger - skip non existing resourceDirectory D:\LTI\DevOps\Maven\Workspace\EmployeeApp\src\test\resources
2022-09-10 09:28:23,329 [Worker-25: Building] INFO  o.e.m.c.i.embedder.EclipseLogger - Using 'UTF-8' encoding to copy filtered resources.
2022-09-10 09:28:23,329 [Worker-25: Building] INFO  o.e.m.c.i.embedder.EclipseLogger - skip non existing resourceDirectory D:\LTI\DevOps\Maven\Workspace\EmployeeApp\src\main\resources
2022-09-10 09:28:23,333 [Worker-25: Building] INFO  o.e.m.c.i.embedder.EclipseLogger - Using 'UTF-8' encoding to copy filtered resources.
2022-09-10 09:28:23,333 [Worker-25: Building] INFO  o.e.m.c.i.embedder.EclipseLogger - skip non existing resourceDirectory D:\LTI\DevOps\Maven\Workspace\EmployeeApp\src\test\resources
2022-09-10 09:28:40,480 [Worker-26: Building] INFO  o.e.m.c.i.embedder.EclipseLogger - Using 'UTF-8' encoding to copy filtered resources.
2022-09-10 09:28:40,480 [Worker-26: Building] INFO  o.e.m.c.i.embedder.EclipseLogger - skip non existing resourceDirectory D:\LTI\DevOps\Maven\Workspace\EmployeeApp\src\main\resources
2022-09-10 09:28:40,483 [Worker-26: Building] INFO  o.e.m.c.i.embedder.EclipseLogger - Using 'UTF-8' encoding to copy filtered resources.
2022-09-10 09:28:40,483 [Worker-26: Building] INFO  o.e.m.c.i.embedder.EclipseLogger - skip non existing resourceDirectory D:\LTI\DevOps\Maven\Workspace\EmployeeApp\src\test\resources
2022-09-10 09:31:43,057 [Worker-28: Building] INFO  o.e.m.c.i.embedder.EclipseLogger - Using 'UTF-8' encoding to copy filtered resources.
2022-09-10 09:31:43,058 [Worker-28: Building] INFO  o.e.m.c.i.embedder.EclipseLogger - skip non existing resourceDirectory D:\LTI\DevOps\Maven\Workspace\EmployeeApp\src\main\resources
2022-09-10 09:31:43,059 [Worker-28: Building] INFO  o.e.m.c.i.embedder.EclipseLogger - Using 'UTF-8' encoding to copy filtered resources.
2022-09-10 09:31:43,059 [Worker-28: Building] INFO  o.e.m.c.i.embedder.EclipseLogger - skip non existing resourceDirectory D:\LTI\DevOps\Maven\Workspace\EmployeeApp\src\test\resources
2022-09-10 09:48:16,264 [Worker-36: Building] INFO  o.e.m.c.i.embedder.EclipseLogger - Using 'UTF-8' encoding to copy filtered resources.
2022-09-10 09:48:16,264 [Worker-36: Building] INFO  o.e.m.c.i.embedder.EclipseLogger - skip non existing resourceDirectory D:\LTI\DevOps\Maven\Workspace\EmployeeApp\src\main\resources
2022-09-10 09:48:16,266 [Worker-36: Building] INFO  o.e.m.c.i.embedder.EclipseLogger - Using 'UTF-8' encoding to copy filtered resources.
2022-09-10 09:48:16,266 [Worker-36: Building] INFO  o.e.m.c.i.embedder.EclipseLogger - skip non existing resourceDirectory D:\LTI\DevOps\Maven\Workspace\EmployeeApp\src\test\resources
2022-09-10 09:59:37,631 [Worker-41: Building] INFO  o.e.m.c.i.embedder.EclipseLogger - Using 'UTF-8' encoding to copy filtered resources.
2022-09-10 09:59:37,631 [Worker-41: Building] INFO  o.e.m.c.i.embedder.EclipseLogger - skip non existing resourceDirectory D:\LTI\DevOps\Maven\Workspace\EmployeeApp\src\main\resources
2022-09-10 09:59:37,633 [Worker-41: Building] INFO  o.e.m.c.i.embedder.EclipseLogger - Using 'UTF-8' encoding to copy filtered resources.
2022-09-10 09:59:37,633 [Worker-41: Building] INFO  o.e.m.c.i.embedder.EclipseLogger - skip non existing resourceDirectory D:\LTI\DevOps\Maven\Workspace\EmployeeApp\src\test\resources
2022-09-10 10:04:40,016 [Worker-45: Building] INFO  o.e.m.c.i.l.LifecycleMappingFactory - Using org.eclipse.m2e.jdt.JarLifecycleMapping lifecycle mapping for MavenProject: com.lti:EmployeeApp:0.0.1-SNAPSHOT @ D:\LTI\DevOps\Maven\Workspace\EmployeeApp\pom.xml.
2022-09-10 10:04:40,632 [Worker-45: Building] INFO  o.e.m.c.i.embedder.EclipseLogger - Using 'UTF-8' encoding to copy filtered resources.
2022-09-10 10:04:40,633 [Worker-45: Building] INFO  o.e.m.c.i.embedder.EclipseLogger - skip non existing resourceDirectory D:\LTI\DevOps\Maven\Workspace\EmployeeApp\src\main\resources
2022-09-10 10:04:40,635 [Worker-45: Building] INFO  o.e.m.c.i.embedder.EclipseLogger - Using 'UTF-8' encoding to copy filtered resources.
2022-09-10 10:04:40,635 [Worker-45: Building] INFO  o.e.m.c.i.embedder.EclipseLogger - skip non existing resourceDirectory D:\LTI\DevOps\Maven\Workspace\EmployeeApp\src\test\resources
2022-09-10 10:04:40,860 [Worker-45: Building] INFO  o.e.m.c.i.embedder.EclipseLogger - Using 'UTF-8' encoding to copy filtered resources.
2022-09-10 10:04:40,860 [Worker-45: Building] INFO  o.e.m.c.i.embedder.EclipseLogger - skip non existing resourceDirectory D:\LTI\DevOps\Maven\Workspace\EmployeeApp\src\main\resources
2022-09-10 10:04:40,864 [Worker-45: Building] INFO  o.e.m.c.i.embedder.EclipseLogger - Using 'UTF-8' encoding to copy filtered resources.
2022-09-10 10:04:40,864 [Worker-45: Building] INFO  o.e.m.c.i.embedder.EclipseLogger - skip non existing resourceDirectory D:\LTI\DevOps\Maven\Workspace\EmployeeApp\src\test\resources
2022-09-10 10:26:57,844 [Worker-50: Launching DatabaseConn] INFO  o.e.m.c.i.embedder.EclipseLogger - Using 'UTF-8' encoding to copy filtered resources.
2022-09-10 10:26:57,844 [Worker-50: Launching DatabaseConn] INFO  o.e.m.c.i.embedder.EclipseLogger - skip non existing resourceDirectory D:\LTI\DevOps\Maven\Workspace\EmployeeApp\src\main\resources
2022-09-10 10:26:57,845 [Worker-50: Launching DatabaseConn] INFO  o.e.m.c.i.embedder.EclipseLogger - Using 'UTF-8' encoding to copy filtered resources.
2022-09-10 10:26:57,845 [Worker-50: Launching DatabaseConn] INFO  o.e.m.c.i.embedder.EclipseLogger - skip non existing resourceDirectory D:\LTI\DevOps\Maven\Workspace\EmployeeApp\src\test\resources
2022-09-10 10:30:11,227 [Worker-50: Launching DatabaseConn] INFO  o.e.m.c.i.embedder.EclipseLogger - Using 'UTF-8' encoding to copy filtered resources.
2022-09-10 10:30:11,227 [Worker-50: Launching DatabaseConn] INFO  o.e.m.c.i.embedder.EclipseLogger - skip non existing resourceDirectory D:\LTI\DevOps\Maven\Workspace\EmployeeApp\src\main\resources
2022-09-10 10:30:11,229 [Worker-50: Launching DatabaseConn] INFO  o.e.m.c.i.embedder.EclipseLogger - Using 'UTF-8' encoding to copy filtered resources.
2022-09-10 10:30:11,229 [Worker-50: Launching DatabaseConn] INFO  o.e.m.c.i.embedder.EclipseLogger - skip non existing resourceDirectory D:\LTI\DevOps\Maven\Workspace\EmployeeApp\src\test\resources
2022-09-10 10:30:36,229 [Worker-52: Building] INFO  o.e.m.c.i.embedder.EclipseLogger - Using 'UTF-8' encoding to copy filtered resources.
2022-09-10 10:30:36,229 [Worker-52: Building] INFO  o.e.m.c.i.embedder.EclipseLogger - skip non existing resourceDirectory D:\LTI\DevOps\Maven\Workspace\EmployeeApp\src\main\resources
2022-09-10 10:30:36,231 [Worker-52: Building] INFO  o.e.m.c.i.embedder.EclipseLogger - Using 'UTF-8' encoding to copy filtered resources.
2022-09-10 10:30:36,231 [Worker-52: Building] INFO  o.e.m.c.i.embedder.EclipseLogger - skip non existing resourceDirectory D:\LTI\DevOps\Maven\Workspace\EmployeeApp\src\test\resources
2022-09-10 10:34:57,283 [Worker-51: Building] INFO  o.e.m.c.i.embedder.EclipseLogger - Using 'UTF-8' encoding to copy filtered resources.
2022-09-10 10:34:57,283 [Worker-51: Building] INFO  o.e.m.c.i.embedder.EclipseLogger - skip non existing resourceDirectory D:\LTI\DevOps\Maven\Workspace\EmployeeApp\src\main\resources
2022-09-10 10:34:57,285 [Worker-51: Building] INFO  o.e.m.c.i.embedder.EclipseLogger - Using 'UTF-8' encoding to copy filtered resources.
2022-09-10 10:34:57,285 [Worker-51: Building] INFO  o.e.m.c.i.embedder.EclipseLogger - skip non existing resourceDirectory D:\LTI\DevOps\Maven\Workspace\EmployeeApp\src\test\resources
2022-09-10 10:35:32,808 [Worker-51: Building] INFO  o.e.m.c.i.embedder.EclipseLogger - Using 'UTF-8' encoding to copy filtered resources.
2022-09-10 10:35:32,809 [Worker-51: Building] INFO  o.e.m.c.i.embedder.EclipseLogger - skip non existing resourceDirectory D:\LTI\DevOps\Maven\Workspace\EmployeeApp\src\main\resources
2022-09-10 10:35:32,810 [Worker-51: Building] INFO  o.e.m.c.i.embedder.EclipseLogger - Using 'UTF-8' encoding to copy filtered resources.
2022-09-10 10:35:32,810 [Worker-51: Building] INFO  o.e.m.c.i.embedder.EclipseLogger - skip non existing resourceDirectory D:\LTI\DevOps\Maven\Workspace\EmployeeApp\src\test\resources
2022-09-10 10:37:35,062 [Worker-55: Building] INFO  o.e.m.c.i.embedder.EclipseLogger - Using 'UTF-8' encoding to copy filtered resources.
2022-09-10 10:37:35,063 [Worker-55: Building] INFO  o.e.m.c.i.embedder.EclipseLogger - skip non existing resourceDirectory D:\LTI\DevOps\Maven\Workspace\EmployeeApp\src\main\resources
2022-09-10 10:37:35,065 [Worker-55: Building] INFO  o.e.m.c.i.embedder.EclipseLogger - Using 'UTF-8' encoding to copy filtered resources.
2022-09-10 10:37:35,065 [Worker-55: Building] INFO  o.e.m.c.i.embedder.EclipseLogger - skip non existing resourceDirectory D:\LTI\DevOps\Maven\Workspace\EmployeeApp\src\test\resources
2022-09-10 11:08:49,777 [Worker-57: Launching DatabaseConn] INFO  o.e.m.c.i.embedder.EclipseLogger - Using 'UTF-8' encoding to copy filtered resources.
2022-09-10 11:08:49,777 [Worker-57: Launching DatabaseConn] INFO  o.e.m.c.i.embedder.EclipseLogger - skip non existing resourceDirectory D:\LTI\DevOps\Maven\Workspace\EmployeeApp\src\main\resources
2022-09-10 11:08:49,778 [Worker-57: Launching DatabaseConn] INFO  o.e.m.c.i.embedder.EclipseLogger - Using 'UTF-8' encoding to copy filtered resources.
2022-09-10 11:08:49,778 [Worker-57: Launching DatabaseConn] INFO  o.e.m.c.i.embedder.EclipseLogger - skip non existing resourceDirectory D:\LTI\DevOps\Maven\Workspace\EmployeeApp\src\test\resources
2022-09-10 11:16:02,535 [Worker-62: Launching DatabaseConn] INFO  o.e.m.c.i.embedder.EclipseLogger - Using 'UTF-8' encoding to copy filtered resources.
2022-09-10 11:16:02,535 [Worker-62: Launching DatabaseConn] INFO  o.e.m.c.i.embedder.EclipseLogger - skip non existing resourceDirectory D:\LTI\DevOps\Maven\Workspace\EmployeeApp\src\main\resources
2022-09-10 11:16:02,537 [Worker-62: Launching DatabaseConn] INFO  o.e.m.c.i.embedder.EclipseLogger - Using 'UTF-8' encoding to copy filtered resources.
2022-09-10 11:16:02,537 [Worker-62: Launching DatabaseConn] INFO  o.e.m.c.i.embedder.EclipseLogger - skip non existing resourceDirectory D:\LTI\DevOps\Maven\Workspace\EmployeeApp\src\test\resources
2022-09-10 11:16:17,503 [Worker-63: Building] INFO  o.e.m.c.i.embedder.EclipseLogger - Using 'UTF-8' encoding to copy filtered resources.
2022-09-10 11:16:17,504 [Worker-63: Building] INFO  o.e.m.c.i.embedder.EclipseLogger - skip non existing resourceDirectory D:\LTI\DevOps\Maven\Workspace\EmployeeApp\src\main\resources
2022-09-10 11:16:17,505 [Worker-63: Building] INFO  o.e.m.c.i.embedder.EclipseLogger - Using 'UTF-8' encoding to copy filtered resources.
2022-09-10 11:16:17,505 [Worker-63: Building] INFO  o.e.m.c.i.embedder.EclipseLogger - skip non existing resourceDirectory D:\LTI\DevOps\Maven\Workspace\EmployeeApp\src\test\resources
2022-09-11 19:29:01,733 [Worker-7: Loading available Gradle versions] INFO  o.e.b.c.i.u.g.PublishedGradleVersions - Gradle version information cache is out-of-date. Trying to update.
2022-09-11 19:29:21,720 [Worker-2: Building] INFO  o.e.m.c.i.embedder.EclipseLogger - Using 'UTF-8' encoding to copy filtered resources.
2022-09-11 19:29:21,720 [Worker-2: Building] INFO  o.e.m.c.i.embedder.EclipseLogger - skip non existing resourceDirectory D:\LTI\DevOps\Maven\Workspace\EmployeeApp\src\main\resources
2022-09-11 19:29:21,720 [Worker-2: Building] INFO  o.e.m.c.i.embedder.EclipseLogger - Using 'UTF-8' encoding to copy filtered resources.
2022-09-11 19:29:21,720 [Worker-2: Building] INFO  o.e.m.c.i.embedder.EclipseLogger - skip non existing resourceDirectory D:\LTI\DevOps\Maven\Workspace\EmployeeApp\src\test\resources
2022-09-11 19:34:11,199 [Worker-1: Building] INFO  o.e.m.c.i.embedder.EclipseLogger - Using 'UTF-8' encoding to copy filtered resources.
2022-09-11 19:34:11,211 [Worker-1: Building] INFO  o.e.m.c.i.embedder.EclipseLogger - skip non existing resourceDirectory D:\LTI\DevOps\Maven\Workspace\EmployeeApp\src\main\resources
2022-09-11 19:34:11,213 [Worker-1: Building] INFO  o.e.m.c.i.embedder.EclipseLogger - Using 'UTF-8' encoding to copy filtered resources.
2022-09-11 19:34:11,213 [Worker-1: Building] INFO  o.e.m.c.i.embedder.EclipseLogger - skip non existing resourceDirectory D:\LTI\DevOps\Maven\Workspace\EmployeeApp\src\test\resources
2022-09-11 19:37:42,867 [Worker-24: Building] INFO  o.e.m.c.i.embedder.EclipseLogger - Using 'UTF-8' encoding to copy filtered resources.
2022-09-11 19:37:42,867 [Worker-24: Building] INFO  o.e.m.c.i.embedder.EclipseLogger - skip non existing resourceDirectory D:\LTI\DevOps\Maven\Workspace\EmployeeApp\src\main\resources
2022-09-11 19:37:42,869 [Worker-24: Building] INFO  o.e.m.c.i.embedder.EclipseLogger - Using 'UTF-8' encoding to copy filtered resources.
2022-09-11 19:37:42,869 [Worker-24: Building] INFO  o.e.m.c.i.embedder.EclipseLogger - skip non existing resourceDirectory D:\LTI\DevOps\Maven\Workspace\EmployeeApp\src\test\resources
2022-09-11 19:39:43,268 [Worker-1: Building] INFO  o.e.m.c.i.embedder.EclipseLogger - Using 'UTF-8' encoding to copy filtered resources.
2022-09-11 19:39:43,268 [Worker-1: Building] INFO  o.e.m.c.i.embedder.EclipseLogger - skip non existing resourceDirectory D:\LTI\DevOps\Maven\Workspace\EmployeeApp\src\main\resources
2022-09-11 19:39:43,270 [Worker-1: Building] INFO  o.e.m.c.i.embedder.EclipseLogger - Using 'UTF-8' encoding to copy filtered resources.
2022-09-11 19:39:43,270 [Worker-1: Building] INFO  o.e.m.c.i.embedder.EclipseLogger - skip non existing resourceDirectory D:\LTI\DevOps\Maven\Workspace\EmployeeApp\src\test\resources
2022-09-11 19:41:31,707 [Worker-26: Building] INFO  o.e.m.c.i.embedder.EclipseLogger - Using 'UTF-8' encoding to copy filtered resources.
2022-09-11 19:41:31,708 [Worker-26: Building] INFO  o.e.m.c.i.embedder.EclipseLogger - skip non existing resourceDirectory D:\LTI\DevOps\Maven\Workspace\EmployeeApp\src\main\resources
2022-09-11 19:41:31,709 [Worker-26: Building] INFO  o.e.m.c.i.embedder.EclipseLogger - Using 'UTF-8' encoding to copy filtered resources.
2022-09-11 19:41:31,709 [Worker-26: Building] INFO  o.e.m.c.i.embedder.EclipseLogger - skip non existing resourceDirectory D:\LTI\DevOps\Maven\Workspace\EmployeeApp\src\test\resources
2022-09-11 19:47:54,935 [Worker-29: Building] INFO  o.e.m.c.i.embedder.EclipseLogger - Using 'UTF-8' encoding to copy filtered resources.
2022-09-11 19:47:54,935 [Worker-29: Building] INFO  o.e.m.c.i.embedder.EclipseLogger - skip non existing resourceDirectory D:\LTI\DevOps\Maven\Workspace\EmployeeApp\src\main\resources
2022-09-11 19:47:54,937 [Worker-29: Building] INFO  o.e.m.c.i.embedder.EclipseLogger - Using 'UTF-8' encoding to copy filtered resources.
2022-09-11 19:47:54,937 [Worker-29: Building] INFO  o.e.m.c.i.embedder.EclipseLogger - skip non existing resourceDirectory D:\LTI\DevOps\Maven\Workspace\EmployeeApp\src\test\resources
2022-09-14 12:09:10,981 [Worker-0: Loading available Gradle versions] INFO  o.e.b.c.i.u.g.PublishedGradleVersions - Gradle version information cache is out-of-date. Trying to update.
2022-12-30 23:40:53,572 [Worker-5: Loading available Gradle versions] INFO  o.e.b.c.i.u.g.PublishedGradleVersions - Gradle version information cache is up-to-date. Trying to read.
